Created by PLY version 3.11 (http://www.dabeaz.com/ply)

Unused terminals:

    COMMA
    DIV
    DO
    ELSE
    EQ
    EQUAL
    FLOAT
    FNUMBER
    FOR
    GE
    GT
    ID
    IF
    INT
    LBRACE
    LBRACKET
    LE
    LPAREN
    LT
    MINUS
    MULT
    NE
    PLUS
    RBRACE
    RBRACKET
    RETURN
    RPAREN
    SEMICOLON
    WHILE

Grammar

Rule 0     S' -> program
Rule 1     program -> NUMBER

Terminals, with rules where they appear

COMMA                : 
DIV                  : 
DO                   : 
ELSE                 : 
EQ                   : 
EQUAL                : 
FLOAT                : 
FNUMBER              : 
FOR                  : 
GE                   : 
GT                   : 
ID                   : 
IF                   : 
INT                  : 
LBRACE               : 
LBRACKET             : 
LE                   : 
LPAREN               : 
LT                   : 
MINUS                : 
MULT                 : 
NE                   : 
NUMBER               : 1
PLUS                 : 
RBRACE               : 
RBRACKET             : 
RETURN               : 
RPAREN               : 
SEMICOLON            : 
WHILE                : 
error                : 

Nonterminals, with rules where they appear

program              : 0

Parsing method: LALR

state 0

    (0) S' -> . program
    (1) program -> . NUMBER

    NUMBER          shift and go to state 2

    program                        shift and go to state 1

state 1

    (0) S' -> program .



state 2

    (1) program -> NUMBER .

    $end            reduce using rule 1 (program -> NUMBER .)

